<?xml version="1.0" encoding="UTF-8"?>
<testsuite name="jpabook.jpashop.JpashopApplicationTests" tests="1" skipped="0" failures="0" errors="0" timestamp="2024-09-30T02:27:51" hostname="sin-eunsuui-MacBookPro.local" time="0.248">
  <properties/>
  <testcase name="contextLoads()" classname="jpabook.jpashop.JpashopApplicationTests" time="0.248"/>
  <system-out><![CDATA[11:27:50.604 [Test worker] INFO org.springframework.test.context.support.AnnotationConfigContextLoaderUtils -- Could not detect default configuration classes for test class [jpabook.jpashop.JpashopApplicationTests]: JpashopApplicationTests does not declare any static, non-private, non-final, nested classes annotated with @Configuration.
11:27:50.607 [Test worker] INFO org.springframework.boot.test.context.SpringBootTestContextBootstrapper -- Found @SpringBootConfiguration jpabook.jpashop.JpashopApplication for test class jpabook.jpashop.JpashopApplicationTests
11:27:50.624 [Test worker] INFO org.springframework.boot.devtools.restart.RestartApplicationListener -- Restart disabled due to context in which it is running

  .   ____          _            __ _ _
 /\\ / ___'_ __ _ _(_)_ __  __ _ \ \ \ \
( ( )\___ | '_ | '_| | '_ \/ _` | \ \ \ \
 \\/  ___)| |_)| | | | | || (_| |  ) ) ) )
  '  |____| .__|_| |_|_| |_\__, | / / / /
 =========|_|==============|___/=/_/_/_/
 :: Spring Boot ::                (v3.2.7)

2024-09-30T11:27:50.705+09:00  INFO 3208 --- [    Test worker] j.jpashop.JpashopApplicationTests        : Starting JpashopApplicationTests using Java 21.0.3 with PID 3208 (started by sin-eunsu in /Users/sin-eunsu/study/jpashop)
2024-09-30T11:27:50.705+09:00  INFO 3208 --- [    Test worker] j.jpashop.JpashopApplicationTests        : No active profile set, falling back to 1 default profile: "default"
2024-09-30T11:27:50.893+09:00  INFO 3208 --- [    Test worker] .s.d.r.c.RepositoryConfigurationDelegate : Bootstrapping Spring Data JPA repositories in DEFAULT mode.
2024-09-30T11:27:50.900+09:00  INFO 3208 --- [    Test worker] .s.d.r.c.RepositoryConfigurationDelegate : Finished Spring Data repository scanning in 4 ms. Found 0 JPA repository interfaces.
2024-09-30T11:27:51.066+09:00  INFO 3208 --- [    Test worker] com.zaxxer.hikari.HikariDataSource       : HikariPool-1 - Starting...
2024-09-30T11:27:51.128+09:00  INFO 3208 --- [    Test worker] com.zaxxer.hikari.pool.HikariPool        : HikariPool-1 - Added connection conn0: url=jdbc:h2:mem:05ac9ea6-b816-42c5-9a5c-3752e4ac6983 user=SA
2024-09-30T11:27:51.129+09:00  INFO 3208 --- [    Test worker] com.zaxxer.hikari.HikariDataSource       : HikariPool-1 - Start completed.
2024-09-30T11:27:51.144+09:00  INFO 3208 --- [    Test worker] o.hibernate.jpa.internal.util.LogHelper  : HHH000204: Processing PersistenceUnitInfo [name: default]
2024-09-30T11:27:51.159+09:00  INFO 3208 --- [    Test worker] org.hibernate.Version                    : HHH000412: Hibernate ORM core version 6.4.9.Final
2024-09-30T11:27:51.168+09:00  INFO 3208 --- [    Test worker] o.h.c.internal.RegionFactoryInitiator    : HHH000026: Second-level cache disabled
2024-09-30T11:27:51.235+09:00  INFO 3208 --- [    Test worker] o.s.o.j.p.SpringPersistenceUnitInfo      : No LoadTimeWeaver setup: ignoring JPA class transformer
2024-09-30T11:27:51.337+09:00  INFO 3208 --- [    Test worker] p6spy                                    : #1727663271337 | took 2ms | statement | connection 2| url jdbc:h2:mem:05ac9ea6-b816-42c5-9a5c-3752e4ac6983
select * from INFORMATION_SCHEMA.SEQUENCES
select * from INFORMATION_SCHEMA.SEQUENCES;
2024-09-30T11:27:51.620+09:00  INFO 3208 --- [    Test worker] o.h.e.t.j.p.i.JtaPlatformInitiator       : HHH000489: No JTA platform available (set 'hibernate.transaction.jta.platform' to enable JTA platform integration)
2024-09-30T11:27:51.625+09:00 DEBUG 3208 --- [    Test worker] org.hibernate.SQL                        : drop table if exists category cascade 
2024-09-30T11:27:51.625+09:00  INFO 3208 --- [    Test worker] p6spy                                    : #1727663271625 | took 0ms | statement | connection 3| url jdbc:h2:mem:05ac9ea6-b816-42c5-9a5c-3752e4ac6983
drop table if exists category cascade 
drop table if exists category cascade ;
2024-09-30T11:27:51.625+09:00 DEBUG 3208 --- [    Test worker] org.hibernate.SQL                        : drop table if exists category_item cascade 
2024-09-30T11:27:51.626+09:00  INFO 3208 --- [    Test worker] p6spy                                    : #1727663271626 | took 0ms | statement | connection 3| url jdbc:h2:mem:05ac9ea6-b816-42c5-9a5c-3752e4ac6983
drop table if exists category_item cascade 
drop table if exists category_item cascade ;
2024-09-30T11:27:51.626+09:00 DEBUG 3208 --- [    Test worker] org.hibernate.SQL                        : drop table if exists delivery cascade 
2024-09-30T11:27:51.626+09:00  INFO 3208 --- [    Test worker] p6spy                                    : #1727663271626 | took 0ms | statement | connection 3| url jdbc:h2:mem:05ac9ea6-b816-42c5-9a5c-3752e4ac6983
drop table if exists delivery cascade 
drop table if exists delivery cascade ;
2024-09-30T11:27:51.626+09:00 DEBUG 3208 --- [    Test worker] org.hibernate.SQL                        : drop table if exists item cascade 
2024-09-30T11:27:51.626+09:00  INFO 3208 --- [    Test worker] p6spy                                    : #1727663271626 | took 0ms | statement | connection 3| url jdbc:h2:mem:05ac9ea6-b816-42c5-9a5c-3752e4ac6983
drop table if exists item cascade 
drop table if exists item cascade ;
2024-09-30T11:27:51.626+09:00 DEBUG 3208 --- [    Test worker] org.hibernate.SQL                        : drop table if exists member cascade 
2024-09-30T11:27:51.626+09:00  INFO 3208 --- [    Test worker] p6spy                                    : #1727663271626 | took 0ms | statement | connection 3| url jdbc:h2:mem:05ac9ea6-b816-42c5-9a5c-3752e4ac6983
drop table if exists member cascade 
drop table if exists member cascade ;
2024-09-30T11:27:51.626+09:00 DEBUG 3208 --- [    Test worker] org.hibernate.SQL                        : drop table if exists order_item cascade 
2024-09-30T11:27:51.626+09:00  INFO 3208 --- [    Test worker] p6spy                                    : #1727663271626 | took 0ms | statement | connection 3| url jdbc:h2:mem:05ac9ea6-b816-42c5-9a5c-3752e4ac6983
drop table if exists order_item cascade 
drop table if exists order_item cascade ;
2024-09-30T11:27:51.626+09:00 DEBUG 3208 --- [    Test worker] org.hibernate.SQL                        : drop table if exists orders cascade 
2024-09-30T11:27:51.626+09:00  INFO 3208 --- [    Test worker] p6spy                                    : #1727663271626 | took 0ms | statement | connection 3| url jdbc:h2:mem:05ac9ea6-b816-42c5-9a5c-3752e4ac6983
drop table if exists orders cascade 
drop table if exists orders cascade ;
2024-09-30T11:27:51.627+09:00 DEBUG 3208 --- [    Test worker] org.hibernate.SQL                        : drop sequence if exists category_seq
2024-09-30T11:27:51.627+09:00  INFO 3208 --- [    Test worker] p6spy                                    : #1727663271627 | took 0ms | statement | connection 3| url jdbc:h2:mem:05ac9ea6-b816-42c5-9a5c-3752e4ac6983
drop sequence if exists category_seq
drop sequence if exists category_seq;
2024-09-30T11:27:51.627+09:00 DEBUG 3208 --- [    Test worker] org.hibernate.SQL                        : drop sequence if exists delivery_seq
2024-09-30T11:27:51.627+09:00  INFO 3208 --- [    Test worker] p6spy                                    : #1727663271627 | took 0ms | statement | connection 3| url jdbc:h2:mem:05ac9ea6-b816-42c5-9a5c-3752e4ac6983
drop sequence if exists delivery_seq
drop sequence if exists delivery_seq;
2024-09-30T11:27:51.627+09:00 DEBUG 3208 --- [    Test worker] org.hibernate.SQL                        : drop sequence if exists item_seq
2024-09-30T11:27:51.627+09:00  INFO 3208 --- [    Test worker] p6spy                                    : #1727663271627 | took 0ms | statement | connection 3| url jdbc:h2:mem:05ac9ea6-b816-42c5-9a5c-3752e4ac6983
drop sequence if exists item_seq
drop sequence if exists item_seq;
2024-09-30T11:27:51.627+09:00 DEBUG 3208 --- [    Test worker] org.hibernate.SQL                        : drop sequence if exists member_seq
2024-09-30T11:27:51.627+09:00  INFO 3208 --- [    Test worker] p6spy                                    : #1727663271627 | took 0ms | statement | connection 3| url jdbc:h2:mem:05ac9ea6-b816-42c5-9a5c-3752e4ac6983
drop sequence if exists member_seq
drop sequence if exists member_seq;
2024-09-30T11:27:51.627+09:00 DEBUG 3208 --- [    Test worker] org.hibernate.SQL                        : drop sequence if exists order_item_seq
2024-09-30T11:27:51.627+09:00  INFO 3208 --- [    Test worker] p6spy                                    : #1727663271627 | took 0ms | statement | connection 3| url jdbc:h2:mem:05ac9ea6-b816-42c5-9a5c-3752e4ac6983
drop sequence if exists order_item_seq
drop sequence if exists order_item_seq;
2024-09-30T11:27:51.627+09:00 DEBUG 3208 --- [    Test worker] org.hibernate.SQL                        : drop sequence if exists orders_seq
2024-09-30T11:27:51.627+09:00  INFO 3208 --- [    Test worker] p6spy                                    : #1727663271627 | took 0ms | statement | connection 3| url jdbc:h2:mem:05ac9ea6-b816-42c5-9a5c-3752e4ac6983
drop sequence if exists orders_seq
drop sequence if exists orders_seq;
2024-09-30T11:27:51.630+09:00 DEBUG 3208 --- [    Test worker] org.hibernate.SQL                        : create sequence category_seq start with 1 increment by 50
2024-09-30T11:27:51.631+09:00  INFO 3208 --- [    Test worker] p6spy                                    : #1727663271631 | took 0ms | statement | connection 4| url jdbc:h2:mem:05ac9ea6-b816-42c5-9a5c-3752e4ac6983
create sequence category_seq start with 1 increment by 50
create sequence category_seq start with 1 increment by 50;
2024-09-30T11:27:51.631+09:00 DEBUG 3208 --- [    Test worker] org.hibernate.SQL                        : create sequence delivery_seq start with 1 increment by 50
2024-09-30T11:27:51.631+09:00  INFO 3208 --- [    Test worker] p6spy                                    : #1727663271631 | took 0ms | statement | connection 4| url jdbc:h2:mem:05ac9ea6-b816-42c5-9a5c-3752e4ac6983
create sequence delivery_seq start with 1 increment by 50
create sequence delivery_seq start with 1 increment by 50;
2024-09-30T11:27:51.631+09:00 DEBUG 3208 --- [    Test worker] org.hibernate.SQL                        : create sequence item_seq start with 1 increment by 50
2024-09-30T11:27:51.631+09:00  INFO 3208 --- [    Test worker] p6spy                                    : #1727663271631 | took 0ms | statement | connection 4| url jdbc:h2:mem:05ac9ea6-b816-42c5-9a5c-3752e4ac6983
create sequence item_seq start with 1 increment by 50
create sequence item_seq start with 1 increment by 50;
2024-09-30T11:27:51.631+09:00 DEBUG 3208 --- [    Test worker] org.hibernate.SQL                        : create sequence member_seq start with 1 increment by 50
2024-09-30T11:27:51.631+09:00  INFO 3208 --- [    Test worker] p6spy                                    : #1727663271631 | took 0ms | statement | connection 4| url jdbc:h2:mem:05ac9ea6-b816-42c5-9a5c-3752e4ac6983
create sequence member_seq start with 1 increment by 50
create sequence member_seq start with 1 increment by 50;
2024-09-30T11:27:51.632+09:00 DEBUG 3208 --- [    Test worker] org.hibernate.SQL                        : create sequence order_item_seq start with 1 increment by 50
2024-09-30T11:27:51.632+09:00  INFO 3208 --- [    Test worker] p6spy                                    : #1727663271632 | took 0ms | statement | connection 4| url jdbc:h2:mem:05ac9ea6-b816-42c5-9a5c-3752e4ac6983
create sequence order_item_seq start with 1 increment by 50
create sequence order_item_seq start with 1 increment by 50;
2024-09-30T11:27:51.632+09:00 DEBUG 3208 --- [    Test worker] org.hibernate.SQL                        : create sequence orders_seq start with 1 increment by 50
2024-09-30T11:27:51.632+09:00  INFO 3208 --- [    Test worker] p6spy                                    : #1727663271632 | took 0ms | statement | connection 4| url jdbc:h2:mem:05ac9ea6-b816-42c5-9a5c-3752e4ac6983
create sequence orders_seq start with 1 increment by 50
create sequence orders_seq start with 1 increment by 50;
2024-09-30T11:27:51.633+09:00 DEBUG 3208 --- [    Test worker] org.hibernate.SQL                        : create table category (category_id bigint not null, parent_id bigint, name varchar(255), primary key (category_id))
2024-09-30T11:27:51.634+09:00  INFO 3208 --- [    Test worker] p6spy                                    : #1727663271634 | took 1ms | statement | connection 4| url jdbc:h2:mem:05ac9ea6-b816-42c5-9a5c-3752e4ac6983
create table category (category_id bigint not null, parent_id bigint, name varchar(255), primary key (category_id))
create table category (category_id bigint not null, parent_id bigint, name varchar(255), primary key (category_id));
2024-09-30T11:27:51.634+09:00 DEBUG 3208 --- [    Test worker] org.hibernate.SQL                        : create table category_item (category_id bigint not null, item_id bigint not null)
2024-09-30T11:27:51.635+09:00  INFO 3208 --- [    Test worker] p6spy                                    : #1727663271635 | took 0ms | statement | connection 4| url jdbc:h2:mem:05ac9ea6-b816-42c5-9a5c-3752e4ac6983
create table category_item (category_id bigint not null, item_id bigint not null)
create table category_item (category_id bigint not null, item_id bigint not null);
2024-09-30T11:27:51.635+09:00 DEBUG 3208 --- [    Test worker] org.hibernate.SQL                        : create table delivery (delivery_id bigint not null, city varchar(255), status varchar(255) check (status in ('READY','COMP')), street varchar(255), zipcode varchar(255), primary key (delivery_id))
2024-09-30T11:27:51.636+09:00  INFO 3208 --- [    Test worker] p6spy                                    : #1727663271636 | took 0ms | statement | connection 4| url jdbc:h2:mem:05ac9ea6-b816-42c5-9a5c-3752e4ac6983
create table delivery (delivery_id bigint not null, city varchar(255), status varchar(255) check (status in ('READY','COMP')), street varchar(255), zipcode varchar(255), primary key (delivery_id))
create table delivery (delivery_id bigint not null, city varchar(255), status varchar(255) check (status in ('READY','COMP')), street varchar(255), zipcode varchar(255), primary key (delivery_id));
2024-09-30T11:27:51.636+09:00 DEBUG 3208 --- [    Test worker] org.hibernate.SQL                        : create table item (price integer not null, stock_quantity integer not null, item_id bigint not null, dtype varchar(31) not null, actor varchar(255), artist varchar(255), author varchar(255), director varchar(255), etc varchar(255), isbn varchar(255), name varchar(255), primary key (item_id))
2024-09-30T11:27:51.636+09:00  INFO 3208 --- [    Test worker] p6spy                                    : #1727663271636 | took 0ms | statement | connection 4| url jdbc:h2:mem:05ac9ea6-b816-42c5-9a5c-3752e4ac6983
create table item (price integer not null, stock_quantity integer not null, item_id bigint not null, dtype varchar(31) not null, actor varchar(255), artist varchar(255), author varchar(255), director varchar(255), etc varchar(255), isbn varchar(255), name varchar(255), primary key (item_id))
create table item (price integer not null, stock_quantity integer not null, item_id bigint not null, dtype varchar(31) not null, actor varchar(255), artist varchar(255), author varchar(255), director varchar(255), etc varchar(255), isbn varchar(255), name varchar(255), primary key (item_id));
2024-09-30T11:27:51.636+09:00 DEBUG 3208 --- [    Test worker] org.hibernate.SQL                        : create table member (member_id bigint not null, city varchar(255), name varchar(255), street varchar(255), zipcode varchar(255), primary key (member_id))
2024-09-30T11:27:51.637+09:00  INFO 3208 --- [    Test worker] p6spy                                    : #1727663271637 | took 0ms | statement | connection 4| url jdbc:h2:mem:05ac9ea6-b816-42c5-9a5c-3752e4ac6983
create table member (member_id bigint not null, city varchar(255), name varchar(255), street varchar(255), zipcode varchar(255), primary key (member_id))
create table member (member_id bigint not null, city varchar(255), name varchar(255), street varchar(255), zipcode varchar(255), primary key (member_id));
2024-09-30T11:27:51.637+09:00 DEBUG 3208 --- [    Test worker] org.hibernate.SQL                        : create table order_item (count integer not null, order_price integer not null, item_id bigint, order_id bigint, order_item_id bigint not null, primary key (order_item_id))
2024-09-30T11:27:51.637+09:00  INFO 3208 --- [    Test worker] p6spy                                    : #1727663271637 | took 0ms | statement | connection 4| url jdbc:h2:mem:05ac9ea6-b816-42c5-9a5c-3752e4ac6983
create table order_item (count integer not null, order_price integer not null, item_id bigint, order_id bigint, order_item_id bigint not null, primary key (order_item_id))
create table order_item (count integer not null, order_price integer not null, item_id bigint, order_id bigint, order_item_id bigint not null, primary key (order_item_id));
2024-09-30T11:27:51.638+09:00 DEBUG 3208 --- [    Test worker] org.hibernate.SQL                        : create table orders (delivery_id bigint unique, member_id bigint, order_date timestamp(6), order_id bigint not null, status varchar(255) check (status in ('ORDER','CANCEL')), primary key (order_id))
2024-09-30T11:27:51.639+09:00  INFO 3208 --- [    Test worker] p6spy                                    : #1727663271639 | took 0ms | statement | connection 4| url jdbc:h2:mem:05ac9ea6-b816-42c5-9a5c-3752e4ac6983
create table orders (delivery_id bigint unique, member_id bigint, order_date timestamp(6), order_id bigint not null, status varchar(255) check (status in ('ORDER','CANCEL')), primary key (order_id))
create table orders (delivery_id bigint unique, member_id bigint, order_date timestamp(6), order_id bigint not null, status varchar(255) check (status in ('ORDER','CANCEL')), primary key (order_id));
2024-09-30T11:27:51.639+09:00 DEBUG 3208 --- [    Test worker] org.hibernate.SQL                        : alter table if exists category add constraint FK2y94svpmqttx80mshyny85wqr foreign key (parent_id) references category
2024-09-30T11:27:51.640+09:00  INFO 3208 --- [    Test worker] p6spy                                    : #1727663271640 | took 1ms | statement | connection 4| url jdbc:h2:mem:05ac9ea6-b816-42c5-9a5c-3752e4ac6983
alter table if exists category add constraint FK2y94svpmqttx80mshyny85wqr foreign key (parent_id) references category
alter table if exists category add constraint FK2y94svpmqttx80mshyny85wqr foreign key (parent_id) references category;
2024-09-30T11:27:51.641+09:00 DEBUG 3208 --- [    Test worker] org.hibernate.SQL                        : alter table if exists category_item add constraint FKu8b4lwqutcdq3363gf6mlujq foreign key (item_id) references item
2024-09-30T11:27:51.641+09:00  INFO 3208 --- [    Test worker] p6spy                                    : #1727663271641 | took 0ms | statement | connection 4| url jdbc:h2:mem:05ac9ea6-b816-42c5-9a5c-3752e4ac6983
alter table if exists category_item add constraint FKu8b4lwqutcdq3363gf6mlujq foreign key (item_id) references item
alter table if exists category_item add constraint FKu8b4lwqutcdq3363gf6mlujq foreign key (item_id) references item;
2024-09-30T11:27:51.641+09:00 DEBUG 3208 --- [    Test worker] org.hibernate.SQL                        : alter table if exists category_item add constraint FKcq2n0opf5shyh84ex1fhukcbh foreign key (category_id) references category
2024-09-30T11:27:51.642+09:00  INFO 3208 --- [    Test worker] p6spy                                    : #1727663271642 | took 0ms | statement | connection 4| url jdbc:h2:mem:05ac9ea6-b816-42c5-9a5c-3752e4ac6983
alter table if exists category_item add constraint FKcq2n0opf5shyh84ex1fhukcbh foreign key (category_id) references category
alter table if exists category_item add constraint FKcq2n0opf5shyh84ex1fhukcbh foreign key (category_id) references category;
2024-09-30T11:27:51.642+09:00 DEBUG 3208 --- [    Test worker] org.hibernate.SQL                        : alter table if exists order_item add constraint FKija6hjjiit8dprnmvtvgdp6ru foreign key (item_id) references item
2024-09-30T11:27:51.642+09:00  INFO 3208 --- [    Test worker] p6spy                                    : #1727663271642 | took 0ms | statement | connection 4| url jdbc:h2:mem:05ac9ea6-b816-42c5-9a5c-3752e4ac6983
alter table if exists order_item add constraint FKija6hjjiit8dprnmvtvgdp6ru foreign key (item_id) references item
alter table if exists order_item add constraint FKija6hjjiit8dprnmvtvgdp6ru foreign key (item_id) references item;
2024-09-30T11:27:51.642+09:00 DEBUG 3208 --- [    Test worker] org.hibernate.SQL                        : alter table if exists order_item add constraint FKt4dc2r9nbvbujrljv3e23iibt foreign key (order_id) references orders
2024-09-30T11:27:51.643+09:00  INFO 3208 --- [    Test worker] p6spy                                    : #1727663271643 | took 0ms | statement | connection 4| url jdbc:h2:mem:05ac9ea6-b816-42c5-9a5c-3752e4ac6983
alter table if exists order_item add constraint FKt4dc2r9nbvbujrljv3e23iibt foreign key (order_id) references orders
alter table if exists order_item add constraint FKt4dc2r9nbvbujrljv3e23iibt foreign key (order_id) references orders;
2024-09-30T11:27:51.643+09:00 DEBUG 3208 --- [    Test worker] org.hibernate.SQL                        : alter table if exists orders add constraint FKtkrur7wg4d8ax0pwgo0vmy20c foreign key (delivery_id) references delivery
2024-09-30T11:27:51.643+09:00  INFO 3208 --- [    Test worker] p6spy                                    : #1727663271643 | took 0ms | statement | connection 4| url jdbc:h2:mem:05ac9ea6-b816-42c5-9a5c-3752e4ac6983
alter table if exists orders add constraint FKtkrur7wg4d8ax0pwgo0vmy20c foreign key (delivery_id) references delivery
alter table if exists orders add constraint FKtkrur7wg4d8ax0pwgo0vmy20c foreign key (delivery_id) references delivery;
2024-09-30T11:27:51.643+09:00 DEBUG 3208 --- [    Test worker] org.hibernate.SQL                        : alter table if exists orders add constraint FKpktxwhj3x9m4gth5ff6bkqgeb foreign key (member_id) references member
2024-09-30T11:27:51.644+09:00  INFO 3208 --- [    Test worker] p6spy                                    : #1727663271644 | took 0ms | statement | connection 4| url jdbc:h2:mem:05ac9ea6-b816-42c5-9a5c-3752e4ac6983
alter table if exists orders add constraint FKpktxwhj3x9m4gth5ff6bkqgeb foreign key (member_id) references member
alter table if exists orders add constraint FKpktxwhj3x9m4gth5ff6bkqgeb foreign key (member_id) references member;
2024-09-30T11:27:51.645+09:00  INFO 3208 --- [    Test worker] j.LocalContainerEntityManagerFactoryBean : Initialized JPA EntityManagerFactory for persistence unit 'default'
2024-09-30T11:27:51.729+09:00  WARN 3208 --- [    Test worker] JpaBaseConfiguration$JpaWebConfiguration : spring.jpa.open-in-view is enabled by default. Therefore, database queries may be performed during view rendering. Explicitly configure spring.jpa.open-in-view to disable this warning
2024-09-30T11:27:51.737+09:00  INFO 3208 --- [    Test worker] o.s.b.a.w.s.WelcomePageHandlerMapping    : Adding welcome page: class path resource [static/index.html]
2024-09-30T11:27:51.853+09:00  INFO 3208 --- [    Test worker] j.jpashop.JpashopApplicationTests        : Started JpashopApplicationTests in 1.231 seconds (process running for 1.613)
]]></system-out>
  <system-err><![CDATA[WARNING: A Java agent has been loaded dynamically (/Users/sin-eunsu/.gradle/caches/modules-2/files-2.1/net.bytebuddy/byte-buddy-agent/1.14.17/e3c251a39dc90badaf71c83427ba46840f219d8d/byte-buddy-agent-1.14.17.jar)
WARNING: If a serviceability tool is in use, please run with -XX:+EnableDynamicAgentLoading to hide this warning
WARNING: If a serviceability tool is not in use, please run with -Djdk.instrument.traceUsage for more information
WARNING: Dynamic loading of agents will be disallowed by default in a future release
]]></system-err>
</testsuite>
