<?xml version="1.0" encoding="UTF-8"?>
<testsuite name="jpabook.jpashop.service.OrderServiceTest" tests="3" skipped="0" failures="0" errors="0" timestamp="2024-09-30T02:27:52" hostname="sin-eunsuui-MacBookPro.local" time="0.009">
  <properties/>
  <testcase name="상품주문_재고수량초과" classname="jpabook.jpashop.service.OrderServiceTest" time="0.003"/>
  <testcase name="상품주문" classname="jpabook.jpashop.service.OrderServiceTest" time="0.003"/>
  <testcase name="주문취소" classname="jpabook.jpashop.service.OrderServiceTest" time="0.002"/>
  <system-out><![CDATA[2024-09-30T11:27:52.291+09:00 DEBUG 3208 --- [    Test worker] org.hibernate.SQL                        : select next value for item_seq
2024-09-30T11:27:52.291+09:00  INFO 3208 --- [    Test worker] p6spy                                    : #1727663272291 | took 0ms | statement | connection 8| url jdbc:h2:mem:05ac9ea6-b816-42c5-9a5c-3752e4ac6983
select next value for item_seq
select next value for item_seq;
2024-09-30T11:27:52.292+09:00  INFO 3208 --- [    Test worker] p6spy                                    : #1727663272292 | took 0ms | rollback | connection 8| url jdbc:h2:mem:05ac9ea6-b816-42c5-9a5c-3752e4ac6983

;
2024-09-30T11:27:52.294+09:00 DEBUG 3208 --- [    Test worker] org.hibernate.SQL                        : select next value for item_seq
2024-09-30T11:27:52.294+09:00  INFO 3208 --- [    Test worker] p6spy                                    : #1727663272294 | took 0ms | statement | connection 9| url jdbc:h2:mem:05ac9ea6-b816-42c5-9a5c-3752e4ac6983
select next value for item_seq
select next value for item_seq;
2024-09-30T11:27:52.294+09:00 DEBUG 3208 --- [    Test worker] org.hibernate.SQL                        : select next value for orders_seq
2024-09-30T11:27:52.294+09:00  INFO 3208 --- [    Test worker] p6spy                                    : #1727663272294 | took 0ms | statement | connection 9| url jdbc:h2:mem:05ac9ea6-b816-42c5-9a5c-3752e4ac6983
select next value for orders_seq
select next value for orders_seq;
2024-09-30T11:27:52.294+09:00 DEBUG 3208 --- [    Test worker] org.hibernate.SQL                        : select next value for delivery_seq
2024-09-30T11:27:52.295+09:00  INFO 3208 --- [    Test worker] p6spy                                    : #1727663272295 | took 0ms | statement | connection 9| url jdbc:h2:mem:05ac9ea6-b816-42c5-9a5c-3752e4ac6983
select next value for delivery_seq
select next value for delivery_seq;
2024-09-30T11:27:52.295+09:00 DEBUG 3208 --- [    Test worker] org.hibernate.SQL                        : select next value for order_item_seq
2024-09-30T11:27:52.295+09:00  INFO 3208 --- [    Test worker] p6spy                                    : #1727663272295 | took 0ms | statement | connection 9| url jdbc:h2:mem:05ac9ea6-b816-42c5-9a5c-3752e4ac6983
select next value for order_item_seq
select next value for order_item_seq;
2024-09-30T11:27:52.296+09:00  INFO 3208 --- [    Test worker] p6spy                                    : #1727663272296 | took 0ms | rollback | connection 9| url jdbc:h2:mem:05ac9ea6-b816-42c5-9a5c-3752e4ac6983

;
2024-09-30T11:27:52.297+09:00 DEBUG 3208 --- [    Test worker] org.hibernate.SQL                        : select next value for orders_seq
2024-09-30T11:27:52.297+09:00  INFO 3208 --- [    Test worker] p6spy                                    : #1727663272297 | took 0ms | statement | connection 10| url jdbc:h2:mem:05ac9ea6-b816-42c5-9a5c-3752e4ac6983
select next value for orders_seq
select next value for orders_seq;
2024-09-30T11:27:52.298+09:00 DEBUG 3208 --- [    Test worker] org.hibernate.SQL                        : select next value for delivery_seq
2024-09-30T11:27:52.298+09:00  INFO 3208 --- [    Test worker] p6spy                                    : #1727663272298 | took 0ms | statement | connection 10| url jdbc:h2:mem:05ac9ea6-b816-42c5-9a5c-3752e4ac6983
select next value for delivery_seq
select next value for delivery_seq;
2024-09-30T11:27:52.298+09:00 DEBUG 3208 --- [    Test worker] org.hibernate.SQL                        : select next value for order_item_seq
2024-09-30T11:27:52.298+09:00  INFO 3208 --- [    Test worker] p6spy                                    : #1727663272298 | took 0ms | statement | connection 10| url jdbc:h2:mem:05ac9ea6-b816-42c5-9a5c-3752e4ac6983
select next value for order_item_seq
select next value for order_item_seq;
2024-09-30T11:27:52.299+09:00  INFO 3208 --- [    Test worker] p6spy                                    : #1727663272299 | took 0ms | rollback | connection 10| url jdbc:h2:mem:05ac9ea6-b816-42c5-9a5c-3752e4ac6983

;
]]></system-out>
  <system-err><![CDATA[]]></system-err>
</testsuite>
